2021-04-20 11:43:18.584  INFO 12332 --- [restartedMain] com.shopme.admin.ShopmeAdminApplication  : Starting ShopmeAdminApplication on SQLSRV with PID 12332 (I:\Spring E-Commerce Course\ProjectCode\ShopmeBackend\target\classes started by Nam Millionaire in I:\Spring E-Commerce Course\ProjectCode\ShopmeBackend)
2021-04-20 11:43:18.589  INFO 12332 --- [restartedMain] com.shopme.admin.ShopmeAdminApplication  : No active profile set, falling back to default profiles: default
2021-04-20 11:43:18.654  INFO 12332 --- [restartedMain] o.s.b.devtools.restart.ChangeableUrls    : The Class-Path manifest attribute in C:\Users\Nam Millionaire\.m2\repository\org\glassfish\jaxb\jaxb-runtime\2.3.1\jaxb-runtime-2.3.1.jar referenced one or more files that do not exist: file:/C:/Users/Nam%20Millionaire/.m2/repository/org/glassfish/jaxb/jaxb-runtime/2.3.1/jaxb-api-2.3.1.jar,file:/C:/Users/Nam%20Millionaire/.m2/repository/org/glassfish/jaxb/jaxb-runtime/2.3.1/txw2-2.3.1.jar,file:/C:/Users/Nam%20Millionaire/.m2/repository/org/glassfish/jaxb/jaxb-runtime/2.3.1/istack-commons-runtime-3.0.7.jar,file:/C:/Users/Nam%20Millionaire/.m2/repository/org/glassfish/jaxb/jaxb-runtime/2.3.1/stax-ex-1.8.jar,file:/C:/Users/Nam%20Millionaire/.m2/repository/org/glassfish/jaxb/jaxb-runtime/2.3.1/FastInfoset-1.2.15.jar,file:/C:/Users/Nam%20Millionaire/.m2/repository/org/glassfish/jaxb/jaxb-runtime/2.3.1/javax.activation-api-1.2.0.jar
2021-04-20 11:43:18.657  INFO 12332 --- [restartedMain] o.s.b.devtools.restart.ChangeableUrls    : The Class-Path manifest attribute in C:\Users\Nam Millionaire\.m2\repository\org\glassfish\jaxb\jaxb-runtime\2.3.2\jaxb-runtime-2.3.2.jar referenced one or more files that do not exist: file:/C:/Users/Nam%20Millionaire/.m2/repository/org/glassfish/jaxb/jaxb-runtime/2.3.2/jakarta.xml.bind-api-2.3.2.jar,file:/C:/Users/Nam%20Millionaire/.m2/repository/org/glassfish/jaxb/jaxb-runtime/2.3.2/txw2-2.3.2.jar,file:/C:/Users/Nam%20Millionaire/.m2/repository/org/glassfish/jaxb/jaxb-runtime/2.3.2/istack-commons-runtime-3.0.8.jar,file:/C:/Users/Nam%20Millionaire/.m2/repository/org/glassfish/jaxb/jaxb-runtime/2.3.2/stax-ex-1.8.1.jar,file:/C:/Users/Nam%20Millionaire/.m2/repository/org/glassfish/jaxb/jaxb-runtime/2.3.2/FastInfoset-1.2.16.jar,file:/C:/Users/Nam%20Millionaire/.m2/repository/org/glassfish/jaxb/jaxb-runtime/2.3.2/jakarta.activation-api-1.2.1.jar
2021-04-20 11:43:18.657  INFO 12332 --- [restartedMain] .e.DevToolsPropertyDefaultsPostProcessor : Devtools property defaults active! Set 'spring.devtools.add-properties' to 'false' to disable
2021-04-20 11:43:18.657  INFO 12332 --- [restartedMain] .e.DevToolsPropertyDefaultsPostProcessor : For additional web related logging consider setting the 'logging.level.web' property to 'DEBUG'
2021-04-20 11:43:19.607  INFO 12332 --- [restartedMain] .s.d.r.c.RepositoryConfigurationDelegate : Bootstrapping Spring Data JPA repositories in DEFAULT mode.
2021-04-20 11:43:19.743  INFO 12332 --- [restartedMain] .s.d.r.c.RepositoryConfigurationDelegate : Finished Spring Data repository scanning in 127ms. Found 20 JPA repository interfaces.
2021-04-20 11:43:20.287  INFO 12332 --- [restartedMain] o.s.b.w.embedded.tomcat.TomcatWebServer  : Tomcat initialized with port(s): 8080 (http)
2021-04-20 11:43:20.293  INFO 12332 --- [restartedMain] o.apache.catalina.core.StandardService   : Starting service [Tomcat]
2021-04-20 11:43:20.294  INFO 12332 --- [restartedMain] org.apache.catalina.core.StandardEngine  : Starting Servlet engine: [Apache Tomcat/9.0.33]
2021-04-20 11:43:20.385  INFO 12332 --- [restartedMain] o.a.c.c.C.[.[localhost].[/ShopmeAdmin]   : Initializing Spring embedded WebApplicationContext
2021-04-20 11:43:20.385  INFO 12332 --- [restartedMain] o.s.web.context.ContextLoader            : Root WebApplicationContext: initialization completed in 1727 ms
2021-04-20 11:43:20.421  INFO 12332 --- [restartedMain] com.zaxxer.hikari.HikariDataSource       : HikariPool-1 - Starting...
2021-04-20 11:43:20.851  INFO 12332 --- [restartedMain] com.zaxxer.hikari.HikariDataSource       : HikariPool-1 - Start completed.
2021-04-20 11:43:20.855  INFO 12332 --- [restartedMain] o.s.b.a.h2.H2ConsoleAutoConfiguration    : H2 console available at '/h2-console'. Database available at 'jdbc:mysql://localhost:3306/shopmedb'
2021-04-20 11:43:20.903  WARN 12332 --- [restartedMain] o.a.c.c.C.[.[localhost].[/ShopmeAdmin]   : Cannot deserialize session attribute [SPRING_SECURITY_CONTEXT] for session [0A67EC784965ADA7D66E8E0901C5F987]
2021-04-20 11:43:21.002  INFO 12332 --- [restartedMain] o.hibernate.jpa.internal.util.LogHelper  : HHH000204: Processing PersistenceUnitInfo [name: default]
2021-04-20 11:43:21.068  INFO 12332 --- [restartedMain] org.hibernate.Version                    : HHH000412: Hibernate ORM core version 5.4.12.Final
2021-04-20 11:43:21.157  INFO 12332 --- [restartedMain] o.hibernate.annotations.common.Version   : HCANN000001: Hibernate Commons Annotations {5.1.0.Final}
2021-04-20 11:43:21.251  INFO 12332 --- [restartedMain] org.hibernate.dialect.Dialect            : HHH000400: Using dialect: org.hibernate.dialect.MySQL57InnoDBDialect
2021-04-20 11:43:22.915  INFO 12332 --- [restartedMain] o.h.e.t.j.p.i.JtaPlatformInitiator       : HHH000490: Using JtaPlatform implementation: [org.hibernate.engine.transaction.jta.platform.internal.NoJtaPlatform]
2021-04-20 11:43:22.923  INFO 12332 --- [restartedMain] j.LocalContainerEntityManagerFactoryBean : Initialized JPA EntityManagerFactory for persistence unit 'default'
2021-04-20 11:43:22.953  INFO 12332 --- [restartedMain] o.s.b.d.a.OptionalLiveReloadServer       : LiveReload server is running on port 35729
2021-04-20 11:43:23.760  WARN 12332 --- [restartedMain] JpaBaseConfiguration$JpaWebConfiguration : spring.jpa.open-in-view is enabled by default. Therefore, database queries may be performed during view rendering. Explicitly configure spring.jpa.open-in-view to disable this warning
2021-04-20 11:43:24.139  INFO 12332 --- [restartedMain] o.s.s.web.DefaultSecurityFilterChain     : Creating filter chain: Ant [pattern='/images/**'], []
2021-04-20 11:43:24.139  INFO 12332 --- [restartedMain] o.s.s.web.DefaultSecurityFilterChain     : Creating filter chain: Ant [pattern='/js/**'], []
2021-04-20 11:43:24.139  INFO 12332 --- [restartedMain] o.s.s.web.DefaultSecurityFilterChain     : Creating filter chain: Ant [pattern='/webjars/**'], []
2021-04-20 11:43:24.172  INFO 12332 --- [restartedMain] o.s.s.web.DefaultSecurityFilterChain     : Creating filter chain: any request, [org.springframework.security.web.context.request.async.WebAsyncManagerIntegrationFilter@1343f5cb, org.springframework.security.web.context.SecurityContextPersistenceFilter@6e3ff480, org.springframework.security.web.header.HeaderWriterFilter@709e8548, org.springframework.security.web.csrf.CsrfFilter@5ce3ce4d, org.springframework.security.web.authentication.logout.LogoutFilter@4b0590c1, org.springframework.security.web.authentication.UsernamePasswordAuthenticationFilter@50837318, org.springframework.security.web.savedrequest.RequestCacheAwareFilter@bde747a, org.springframework.security.web.servletapi.SecurityContextHolderAwareRequestFilter@4ac095cd, org.springframework.security.web.authentication.rememberme.RememberMeAuthenticationFilter@7d10d4ab, org.springframework.security.web.authentication.AnonymousAuthenticationFilter@4debb1d0, org.springframework.security.web.session.SessionManagementFilter@696c217d, org.springframework.security.web.access.ExceptionTranslationFilter@245235bb, org.springframework.security.web.access.intercept.FilterSecurityInterceptor@3d96eae3]
2021-04-20 11:43:24.323  INFO 12332 --- [restartedMain] o.s.s.concurrent.ThreadPoolTaskExecutor  : Initializing ExecutorService 'applicationTaskExecutor'
2021-04-20 11:43:24.422  INFO 12332 --- [restartedMain] o.s.b.a.w.s.WelcomePageHandlerMapping    : Adding welcome page template: index
2021-04-20 11:43:24.961  INFO 12332 --- [restartedMain] o.s.b.w.embedded.tomcat.TomcatWebServer  : Tomcat started on port(s): 8080 (http) with context path '/ShopmeAdmin'
2021-04-20 11:43:24.964  INFO 12332 --- [restartedMain] com.shopme.admin.ShopmeAdminApplication  : Started ShopmeAdminApplication in 6.692 seconds (JVM running for 7.363)
2021-04-20 11:43:38.795  INFO 12332 --- [http-nio-8080-exec-1] o.a.c.c.C.[.[localhost].[/ShopmeAdmin]   : Initializing Spring DispatcherServlet 'dispatcherServlet'
2021-04-20 11:43:38.796  INFO 12332 --- [http-nio-8080-exec-1] o.s.web.servlet.DispatcherServlet        : Initializing Servlet 'dispatcherServlet'
2021-04-20 11:43:38.802  INFO 12332 --- [http-nio-8080-exec-1] o.s.web.servlet.DispatcherServlet        : Completed initialization in 6 ms
2021-04-20 12:07:21.478  INFO 12332 --- [RMI TCP Connection(35)-127.0.0.1] inMXBeanRegistrar$SpringApplicationAdmin : Application shutdown requested.
2021-04-20 12:07:21.480  INFO 12332 --- [RMI TCP Connection(35)-127.0.0.1] o.s.s.concurrent.ThreadPoolTaskExecutor  : Shutting down ExecutorService 'applicationTaskExecutor'
2021-04-20 12:07:21.485  INFO 12332 --- [RMI TCP Connection(35)-127.0.0.1] j.LocalContainerEntityManagerFactoryBean : Closing JPA EntityManagerFactory for persistence unit 'default'
2021-04-20 12:07:21.489  INFO 12332 --- [RMI TCP Connection(35)-127.0.0.1] com.zaxxer.hikari.HikariDataSource       : HikariPool-1 - Shutdown initiated...
2021-04-20 12:07:21.491  INFO 12332 --- [RMI TCP Connection(35)-127.0.0.1] com.zaxxer.hikari.HikariDataSource       : HikariPool-1 - Shutdown completed.
