2021-04-12 06:01:23.549  INFO 6196 --- [restartedMain] com.shopme.admin.ShopmeAdminApplication  : Starting ShopmeAdminApplication on SQLSRV with PID 6196 (I:\Spring E-Commerce Course\ProjectCode\ShopmeBackend\target\classes started by Nam Millionaire in I:\Spring E-Commerce Course\ProjectCode\ShopmeBackend)
2021-04-12 06:01:23.553  INFO 6196 --- [restartedMain] com.shopme.admin.ShopmeAdminApplication  : No active profile set, falling back to default profiles: default
2021-04-12 06:01:23.594  INFO 6196 --- [restartedMain] o.s.b.devtools.restart.ChangeableUrls    : The Class-Path manifest attribute in C:\Users\Nam Millionaire\.m2\repository\org\glassfish\jaxb\jaxb-runtime\2.3.1\jaxb-runtime-2.3.1.jar referenced one or more files that do not exist: file:/C:/Users/Nam%20Millionaire/.m2/repository/org/glassfish/jaxb/jaxb-runtime/2.3.1/jaxb-api-2.3.1.jar,file:/C:/Users/Nam%20Millionaire/.m2/repository/org/glassfish/jaxb/jaxb-runtime/2.3.1/txw2-2.3.1.jar,file:/C:/Users/Nam%20Millionaire/.m2/repository/org/glassfish/jaxb/jaxb-runtime/2.3.1/istack-commons-runtime-3.0.7.jar,file:/C:/Users/Nam%20Millionaire/.m2/repository/org/glassfish/jaxb/jaxb-runtime/2.3.1/stax-ex-1.8.jar,file:/C:/Users/Nam%20Millionaire/.m2/repository/org/glassfish/jaxb/jaxb-runtime/2.3.1/FastInfoset-1.2.15.jar,file:/C:/Users/Nam%20Millionaire/.m2/repository/org/glassfish/jaxb/jaxb-runtime/2.3.1/javax.activation-api-1.2.0.jar
2021-04-12 06:01:23.596  INFO 6196 --- [restartedMain] o.s.b.devtools.restart.ChangeableUrls    : The Class-Path manifest attribute in C:\Users\Nam Millionaire\.m2\repository\org\glassfish\jaxb\jaxb-runtime\2.3.2\jaxb-runtime-2.3.2.jar referenced one or more files that do not exist: file:/C:/Users/Nam%20Millionaire/.m2/repository/org/glassfish/jaxb/jaxb-runtime/2.3.2/jakarta.xml.bind-api-2.3.2.jar,file:/C:/Users/Nam%20Millionaire/.m2/repository/org/glassfish/jaxb/jaxb-runtime/2.3.2/txw2-2.3.2.jar,file:/C:/Users/Nam%20Millionaire/.m2/repository/org/glassfish/jaxb/jaxb-runtime/2.3.2/istack-commons-runtime-3.0.8.jar,file:/C:/Users/Nam%20Millionaire/.m2/repository/org/glassfish/jaxb/jaxb-runtime/2.3.2/stax-ex-1.8.1.jar,file:/C:/Users/Nam%20Millionaire/.m2/repository/org/glassfish/jaxb/jaxb-runtime/2.3.2/FastInfoset-1.2.16.jar,file:/C:/Users/Nam%20Millionaire/.m2/repository/org/glassfish/jaxb/jaxb-runtime/2.3.2/jakarta.activation-api-1.2.1.jar
2021-04-12 06:01:23.597  INFO 6196 --- [restartedMain] .e.DevToolsPropertyDefaultsPostProcessor : Devtools property defaults active! Set 'spring.devtools.add-properties' to 'false' to disable
2021-04-12 06:01:23.597  INFO 6196 --- [restartedMain] .e.DevToolsPropertyDefaultsPostProcessor : For additional web related logging consider setting the 'logging.level.web' property to 'DEBUG'
2021-04-12 06:01:24.280  INFO 6196 --- [restartedMain] .s.d.r.c.RepositoryConfigurationDelegate : Bootstrapping Spring Data JPA repositories in DEFAULT mode.
2021-04-12 06:01:24.384  INFO 6196 --- [restartedMain] .s.d.r.c.RepositoryConfigurationDelegate : Finished Spring Data repository scanning in 97ms. Found 20 JPA repository interfaces.
2021-04-12 06:01:24.883  INFO 6196 --- [restartedMain] o.s.b.w.embedded.tomcat.TomcatWebServer  : Tomcat initialized with port(s): 8080 (http)
2021-04-12 06:01:24.889  INFO 6196 --- [restartedMain] o.apache.catalina.core.StandardService   : Starting service [Tomcat]
2021-04-12 06:01:24.889  INFO 6196 --- [restartedMain] org.apache.catalina.core.StandardEngine  : Starting Servlet engine: [Apache Tomcat/9.0.33]
2021-04-12 06:01:24.984  INFO 6196 --- [restartedMain] o.a.c.c.C.[.[localhost].[/ShopmeAdmin]   : Initializing Spring embedded WebApplicationContext
2021-04-12 06:01:24.984  INFO 6196 --- [restartedMain] o.s.web.context.ContextLoader            : Root WebApplicationContext: initialization completed in 1387 ms
2021-04-12 06:01:25.026  INFO 6196 --- [restartedMain] com.zaxxer.hikari.HikariDataSource       : HikariPool-1 - Starting...
2021-04-12 06:01:25.475  INFO 6196 --- [restartedMain] com.zaxxer.hikari.HikariDataSource       : HikariPool-1 - Start completed.
2021-04-12 06:01:25.480  INFO 6196 --- [restartedMain] o.s.b.a.h2.H2ConsoleAutoConfiguration    : H2 console available at '/h2-console'. Database available at 'jdbc:mysql://localhost:3306/shopmedb'
2021-04-12 06:01:25.539  WARN 6196 --- [restartedMain] o.a.c.c.C.[.[localhost].[/ShopmeAdmin]   : Cannot deserialize session attribute [SPRING_SECURITY_CONTEXT] for session [979820661CBCF895A00AE4316563F85A]
2021-04-12 06:01:25.629  INFO 6196 --- [restartedMain] o.hibernate.jpa.internal.util.LogHelper  : HHH000204: Processing PersistenceUnitInfo [name: default]
2021-04-12 06:01:25.699  INFO 6196 --- [restartedMain] org.hibernate.Version                    : HHH000412: Hibernate ORM core version 5.4.12.Final
2021-04-12 06:01:25.799  INFO 6196 --- [restartedMain] o.hibernate.annotations.common.Version   : HCANN000001: Hibernate Commons Annotations {5.1.0.Final}
2021-04-12 06:01:25.882  INFO 6196 --- [restartedMain] org.hibernate.dialect.Dialect            : HHH000400: Using dialect: org.hibernate.dialect.MySQL57InnoDBDialect
2021-04-12 06:01:27.335  INFO 6196 --- [restartedMain] o.h.e.t.j.p.i.JtaPlatformInitiator       : HHH000490: Using JtaPlatform implementation: [org.hibernate.engine.transaction.jta.platform.internal.NoJtaPlatform]
2021-04-12 06:01:27.340  INFO 6196 --- [restartedMain] j.LocalContainerEntityManagerFactoryBean : Initialized JPA EntityManagerFactory for persistence unit 'default'
2021-04-12 06:01:27.369  WARN 6196 --- [restartedMain] o.s.b.d.a.OptionalLiveReloadServer       : Unable to start LiveReload server
2021-04-12 06:01:28.073  WARN 6196 --- [restartedMain] JpaBaseConfiguration$JpaWebConfiguration : spring.jpa.open-in-view is enabled by default. Therefore, database queries may be performed during view rendering. Explicitly configure spring.jpa.open-in-view to disable this warning
2021-04-12 06:01:28.246  INFO 6196 --- [restartedMain] o.s.s.web.DefaultSecurityFilterChain     : Creating filter chain: Ant [pattern='/images/**'], []
2021-04-12 06:01:28.246  INFO 6196 --- [restartedMain] o.s.s.web.DefaultSecurityFilterChain     : Creating filter chain: Ant [pattern='/js/**'], []
2021-04-12 06:01:28.246  INFO 6196 --- [restartedMain] o.s.s.web.DefaultSecurityFilterChain     : Creating filter chain: Ant [pattern='/webjars/**'], []
2021-04-12 06:01:28.425  INFO 6196 --- [restartedMain] o.s.s.web.DefaultSecurityFilterChain     : Creating filter chain: any request, [org.springframework.security.web.context.request.async.WebAsyncManagerIntegrationFilter@230168fa, org.springframework.security.web.context.SecurityContextPersistenceFilter@8cec31a, org.springframework.security.web.header.HeaderWriterFilter@3ce2ccc6, org.springframework.security.web.csrf.CsrfFilter@3455b43c, org.springframework.security.web.authentication.logout.LogoutFilter@511a0e14, org.springframework.security.web.authentication.UsernamePasswordAuthenticationFilter@4ab2871b, org.springframework.security.web.savedrequest.RequestCacheAwareFilter@51925a99, org.springframework.security.web.servletapi.SecurityContextHolderAwareRequestFilter@6cfcf2da, org.springframework.security.web.authentication.rememberme.RememberMeAuthenticationFilter@3d9e4f18, org.springframework.security.web.authentication.AnonymousAuthenticationFilter@2b148f84, org.springframework.security.web.session.SessionManagementFilter@45ebd6ec, org.springframework.security.web.access.ExceptionTranslationFilter@145a873a, org.springframework.security.web.access.intercept.FilterSecurityInterceptor@504c4298]
2021-04-12 06:01:28.547  INFO 6196 --- [restartedMain] o.s.s.concurrent.ThreadPoolTaskExecutor  : Initializing ExecutorService 'applicationTaskExecutor'
2021-04-12 06:01:28.619  INFO 6196 --- [restartedMain] o.s.b.a.w.s.WelcomePageHandlerMapping    : Adding welcome page template: index
2021-04-12 06:01:29.078  INFO 6196 --- [restartedMain] o.s.b.w.embedded.tomcat.TomcatWebServer  : Tomcat started on port(s): 8080 (http) with context path '/ShopmeAdmin'
2021-04-12 06:01:29.081  INFO 6196 --- [restartedMain] com.shopme.admin.ShopmeAdminApplication  : Started ShopmeAdminApplication in 5.821 seconds (JVM running for 6.508)
2021-04-12 06:01:40.245  INFO 6196 --- [http-nio-8080-exec-1] o.a.c.c.C.[.[localhost].[/ShopmeAdmin]   : Initializing Spring DispatcherServlet 'dispatcherServlet'
2021-04-12 06:01:40.245  INFO 6196 --- [http-nio-8080-exec-1] o.s.web.servlet.DispatcherServlet        : Initializing Servlet 'dispatcherServlet'
2021-04-12 06:01:40.251  INFO 6196 --- [http-nio-8080-exec-1] o.s.web.servlet.DispatcherServlet        : Completed initialization in 5 ms
2021-04-12 06:03:38.720  INFO 6196 --- [Thread-3] o.s.s.concurrent.ThreadPoolTaskExecutor  : Shutting down ExecutorService 'applicationTaskExecutor'
2021-04-12 06:03:38.726  INFO 6196 --- [Thread-3] j.LocalContainerEntityManagerFactoryBean : Closing JPA EntityManagerFactory for persistence unit 'default'
2021-04-12 06:03:38.730  INFO 6196 --- [Thread-3] com.zaxxer.hikari.HikariDataSource       : HikariPool-1 - Shutdown initiated...
2021-04-12 06:03:38.734  INFO 6196 --- [Thread-3] com.zaxxer.hikari.HikariDataSource       : HikariPool-1 - Shutdown completed.
2021-04-12 06:03:39.241  INFO 6196 --- [restartedMain] com.shopme.admin.ShopmeAdminApplication  : Starting ShopmeAdminApplication on SQLSRV with PID 6196 (I:\Spring E-Commerce Course\ProjectCode\ShopmeBackend\target\classes started by Nam Millionaire in I:\Spring E-Commerce Course\ProjectCode\ShopmeBackend)
2021-04-12 06:03:39.242  INFO 6196 --- [restartedMain] com.shopme.admin.ShopmeAdminApplication  : No active profile set, falling back to default profiles: default
2021-04-12 06:03:39.646  INFO 6196 --- [restartedMain] .s.d.r.c.RepositoryConfigurationDelegate : Bootstrapping Spring Data JPA repositories in DEFAULT mode.
2021-04-12 06:03:39.768  INFO 6196 --- [restartedMain] .s.d.r.c.RepositoryConfigurationDelegate : Finished Spring Data repository scanning in 121ms. Found 20 JPA repository interfaces.
2021-04-12 06:03:40.086  INFO 6196 --- [restartedMain] o.s.b.w.embedded.tomcat.TomcatWebServer  : Tomcat initialized with port(s): 8080 (http)
2021-04-12 06:03:40.088  INFO 6196 --- [restartedMain] o.apache.catalina.core.StandardService   : Starting service [Tomcat]
2021-04-12 06:03:40.088  INFO 6196 --- [restartedMain] org.apache.catalina.core.StandardEngine  : Starting Servlet engine: [Apache Tomcat/9.0.33]
2021-04-12 06:03:40.111  INFO 6196 --- [restartedMain] o.a.c.c.C.[.[localhost].[/ShopmeAdmin]   : Initializing Spring embedded WebApplicationContext
2021-04-12 06:03:40.112  INFO 6196 --- [restartedMain] o.s.web.context.ContextLoader            : Root WebApplicationContext: initialization completed in 866 ms
2021-04-12 06:03:40.133  INFO 6196 --- [restartedMain] com.zaxxer.hikari.HikariDataSource       : HikariPool-2 - Starting...
2021-04-12 06:03:40.142  INFO 6196 --- [restartedMain] com.zaxxer.hikari.HikariDataSource       : HikariPool-2 - Start completed.
2021-04-12 06:03:40.142  INFO 6196 --- [restartedMain] o.s.b.a.h2.H2ConsoleAutoConfiguration    : H2 console available at '/h2-console'. Database available at 'jdbc:mysql://localhost:3306/shopmedb'
2021-04-12 06:03:40.175  WARN 6196 --- [restartedMain] o.a.c.c.C.[.[localhost].[/ShopmeAdmin]   : Cannot deserialize session attribute [SPRING_SECURITY_CONTEXT] for session [2E1645C24BCC1D614EA1B4D449962E74]
2021-04-12 06:03:40.355  INFO 6196 --- [restartedMain] o.hibernate.jpa.internal.util.LogHelper  : HHH000204: Processing PersistenceUnitInfo [name: default]
2021-04-12 06:03:40.380  INFO 6196 --- [restartedMain] org.hibernate.dialect.Dialect            : HHH000400: Using dialect: org.hibernate.dialect.MySQL57InnoDBDialect
2021-04-12 06:03:41.572  INFO 6196 --- [restartedMain] o.h.e.t.j.p.i.JtaPlatformInitiator       : HHH000490: Using JtaPlatform implementation: [org.hibernate.engine.transaction.jta.platform.internal.NoJtaPlatform]
2021-04-12 06:03:41.572  INFO 6196 --- [restartedMain] j.LocalContainerEntityManagerFactoryBean : Initialized JPA EntityManagerFactory for persistence unit 'default'
2021-04-12 06:03:41.584  WARN 6196 --- [restartedMain] o.s.b.d.a.OptionalLiveReloadServer       : Unable to start LiveReload server
2021-04-12 06:03:41.994  WARN 6196 --- [restartedMain] JpaBaseConfiguration$JpaWebConfiguration : spring.jpa.open-in-view is enabled by default. Therefore, database queries may be performed during view rendering. Explicitly configure spring.jpa.open-in-view to disable this warning
2021-04-12 06:03:42.084  INFO 6196 --- [restartedMain] o.s.s.web.DefaultSecurityFilterChain     : Creating filter chain: Ant [pattern='/images/**'], []
2021-04-12 06:03:42.085  INFO 6196 --- [restartedMain] o.s.s.web.DefaultSecurityFilterChain     : Creating filter chain: Ant [pattern='/js/**'], []
2021-04-12 06:03:42.085  INFO 6196 --- [restartedMain] o.s.s.web.DefaultSecurityFilterChain     : Creating filter chain: Ant [pattern='/webjars/**'], []
2021-04-12 06:03:42.091  INFO 6196 --- [restartedMain] o.s.s.web.DefaultSecurityFilterChain     : Creating filter chain: any request, [org.springframework.security.web.context.request.async.WebAsyncManagerIntegrationFilter@78d82a26, org.springframework.security.web.context.SecurityContextPersistenceFilter@3986f75c, org.springframework.security.web.header.HeaderWriterFilter@1bab809d, org.springframework.security.web.csrf.CsrfFilter@6fc65c1e, org.springframework.security.web.authentication.logout.LogoutFilter@19772aa8, org.springframework.security.web.authentication.UsernamePasswordAuthenticationFilter@503107e8, org.springframework.security.web.savedrequest.RequestCacheAwareFilter@5f54c39b, org.springframework.security.web.servletapi.SecurityContextHolderAwareRequestFilter@183c1f84, org.springframework.security.web.authentication.rememberme.RememberMeAuthenticationFilter@280659aa, org.springframework.security.web.authentication.AnonymousAuthenticationFilter@63a8ca63, org.springframework.security.web.session.SessionManagementFilter@64fd6171, org.springframework.security.web.access.ExceptionTranslationFilter@1a0f9760, org.springframework.security.web.access.intercept.FilterSecurityInterceptor@51c9444a]
2021-04-12 06:03:42.169  INFO 6196 --- [restartedMain] o.s.s.concurrent.ThreadPoolTaskExecutor  : Initializing ExecutorService 'applicationTaskExecutor'
2021-04-12 06:03:42.231  INFO 6196 --- [restartedMain] o.s.b.a.w.s.WelcomePageHandlerMapping    : Adding welcome page template: index
2021-04-12 06:03:42.567  INFO 6196 --- [restartedMain] o.s.b.w.embedded.tomcat.TomcatWebServer  : Tomcat started on port(s): 8080 (http) with context path '/ShopmeAdmin'
2021-04-12 06:03:42.568  INFO 6196 --- [restartedMain] com.shopme.admin.ShopmeAdminApplication  : Started ShopmeAdminApplication in 3.367 seconds (JVM running for 139.996)
2021-04-12 06:03:42.570  INFO 6196 --- [restartedMain] .ConditionEvaluationDeltaLoggingListener : Condition evaluation unchanged
2021-04-12 06:04:50.959  INFO 6196 --- [RMI TCP Connection(19)-127.0.0.1] inMXBeanRegistrar$SpringApplicationAdmin : Application shutdown requested.
2021-04-12 06:04:50.962  INFO 6196 --- [RMI TCP Connection(19)-127.0.0.1] o.s.s.concurrent.ThreadPoolTaskExecutor  : Shutting down ExecutorService 'applicationTaskExecutor'
2021-04-12 06:04:50.963  INFO 6196 --- [RMI TCP Connection(19)-127.0.0.1] j.LocalContainerEntityManagerFactoryBean : Closing JPA EntityManagerFactory for persistence unit 'default'
2021-04-12 06:04:50.964  INFO 6196 --- [RMI TCP Connection(19)-127.0.0.1] com.zaxxer.hikari.HikariDataSource       : HikariPool-2 - Shutdown initiated...
2021-04-12 06:04:50.975  INFO 6196 --- [RMI TCP Connection(19)-127.0.0.1] com.zaxxer.hikari.HikariDataSource       : HikariPool-2 - Shutdown completed.
2021-04-12 16:46:50.610  INFO 6412 --- [restartedMain] com.shopme.admin.ShopmeAdminApplication  : Starting ShopmeAdminApplication on SQLSRV with PID 6412 (I:\Spring E-Commerce Course\ProjectCode\ShopmeBackend\target\classes started by Nam Millionaire in I:\Spring E-Commerce Course\ProjectCode\ShopmeBackend)
2021-04-12 16:46:50.613  INFO 6412 --- [restartedMain] com.shopme.admin.ShopmeAdminApplication  : No active profile set, falling back to default profiles: default
2021-04-12 16:46:50.674  INFO 6412 --- [restartedMain] o.s.b.devtools.restart.ChangeableUrls    : The Class-Path manifest attribute in C:\Users\Nam Millionaire\.m2\repository\org\glassfish\jaxb\jaxb-runtime\2.3.1\jaxb-runtime-2.3.1.jar referenced one or more files that do not exist: file:/C:/Users/Nam%20Millionaire/.m2/repository/org/glassfish/jaxb/jaxb-runtime/2.3.1/jaxb-api-2.3.1.jar,file:/C:/Users/Nam%20Millionaire/.m2/repository/org/glassfish/jaxb/jaxb-runtime/2.3.1/txw2-2.3.1.jar,file:/C:/Users/Nam%20Millionaire/.m2/repository/org/glassfish/jaxb/jaxb-runtime/2.3.1/istack-commons-runtime-3.0.7.jar,file:/C:/Users/Nam%20Millionaire/.m2/repository/org/glassfish/jaxb/jaxb-runtime/2.3.1/stax-ex-1.8.jar,file:/C:/Users/Nam%20Millionaire/.m2/repository/org/glassfish/jaxb/jaxb-runtime/2.3.1/FastInfoset-1.2.15.jar,file:/C:/Users/Nam%20Millionaire/.m2/repository/org/glassfish/jaxb/jaxb-runtime/2.3.1/javax.activation-api-1.2.0.jar
2021-04-12 16:46:50.674  INFO 6412 --- [restartedMain] o.s.b.devtools.restart.ChangeableUrls    : The Class-Path manifest attribute in C:\Users\Nam Millionaire\.m2\repository\org\glassfish\jaxb\jaxb-runtime\2.3.2\jaxb-runtime-2.3.2.jar referenced one or more files that do not exist: file:/C:/Users/Nam%20Millionaire/.m2/repository/org/glassfish/jaxb/jaxb-runtime/2.3.2/jakarta.xml.bind-api-2.3.2.jar,file:/C:/Users/Nam%20Millionaire/.m2/repository/org/glassfish/jaxb/jaxb-runtime/2.3.2/txw2-2.3.2.jar,file:/C:/Users/Nam%20Millionaire/.m2/repository/org/glassfish/jaxb/jaxb-runtime/2.3.2/istack-commons-runtime-3.0.8.jar,file:/C:/Users/Nam%20Millionaire/.m2/repository/org/glassfish/jaxb/jaxb-runtime/2.3.2/stax-ex-1.8.1.jar,file:/C:/Users/Nam%20Millionaire/.m2/repository/org/glassfish/jaxb/jaxb-runtime/2.3.2/FastInfoset-1.2.16.jar,file:/C:/Users/Nam%20Millionaire/.m2/repository/org/glassfish/jaxb/jaxb-runtime/2.3.2/jakarta.activation-api-1.2.1.jar
2021-04-12 16:46:50.674  INFO 6412 --- [restartedMain] .e.DevToolsPropertyDefaultsPostProcessor : Devtools property defaults active! Set 'spring.devtools.add-properties' to 'false' to disable
2021-04-12 16:46:50.675  INFO 6412 --- [restartedMain] .e.DevToolsPropertyDefaultsPostProcessor : For additional web related logging consider setting the 'logging.level.web' property to 'DEBUG'
2021-04-12 16:46:51.343  INFO 6412 --- [restartedMain] .s.d.r.c.RepositoryConfigurationDelegate : Bootstrapping Spring Data JPA repositories in DEFAULT mode.
2021-04-12 16:46:51.444  INFO 6412 --- [restartedMain] .s.d.r.c.RepositoryConfigurationDelegate : Finished Spring Data repository scanning in 93ms. Found 20 JPA repository interfaces.
2021-04-12 16:46:51.934  INFO 6412 --- [restartedMain] o.s.b.w.embedded.tomcat.TomcatWebServer  : Tomcat initialized with port(s): 8080 (http)
2021-04-12 16:46:51.941  INFO 6412 --- [restartedMain] o.apache.catalina.core.StandardService   : Starting service [Tomcat]
2021-04-12 16:46:51.941  INFO 6412 --- [restartedMain] org.apache.catalina.core.StandardEngine  : Starting Servlet engine: [Apache Tomcat/9.0.33]
2021-04-12 16:46:52.031  INFO 6412 --- [restartedMain] o.a.c.c.C.[.[localhost].[/ShopmeAdmin]   : Initializing Spring embedded WebApplicationContext
2021-04-12 16:46:52.031  INFO 6412 --- [restartedMain] o.s.web.context.ContextLoader            : Root WebApplicationContext: initialization completed in 1356 ms
2021-04-12 16:46:52.070  INFO 6412 --- [restartedMain] com.zaxxer.hikari.HikariDataSource       : HikariPool-1 - Starting...
2021-04-12 16:46:52.537  INFO 6412 --- [restartedMain] com.zaxxer.hikari.HikariDataSource       : HikariPool-1 - Start completed.
2021-04-12 16:46:52.542  INFO 6412 --- [restartedMain] o.s.b.a.h2.H2ConsoleAutoConfiguration    : H2 console available at '/h2-console'. Database available at 'jdbc:mysql://localhost:3306/shopmedb'
2021-04-12 16:46:52.672  INFO 6412 --- [restartedMain] o.hibernate.jpa.internal.util.LogHelper  : HHH000204: Processing PersistenceUnitInfo [name: default]
2021-04-12 16:46:52.727  INFO 6412 --- [restartedMain] org.hibernate.Version                    : HHH000412: Hibernate ORM core version 5.4.12.Final
2021-04-12 16:46:52.822  INFO 6412 --- [restartedMain] o.hibernate.annotations.common.Version   : HCANN000001: Hibernate Commons Annotations {5.1.0.Final}
2021-04-12 16:46:52.908  INFO 6412 --- [restartedMain] org.hibernate.dialect.Dialect            : HHH000400: Using dialect: org.hibernate.dialect.MySQL57InnoDBDialect
2021-04-12 16:46:54.511  INFO 6412 --- [restartedMain] o.h.e.t.j.p.i.JtaPlatformInitiator       : HHH000490: Using JtaPlatform implementation: [org.hibernate.engine.transaction.jta.platform.internal.NoJtaPlatform]
2021-04-12 16:46:54.523  INFO 6412 --- [restartedMain] j.LocalContainerEntityManagerFactoryBean : Initialized JPA EntityManagerFactory for persistence unit 'default'
2021-04-12 16:46:54.553  INFO 6412 --- [restartedMain] o.s.b.d.a.OptionalLiveReloadServer       : LiveReload server is running on port 35729
2021-04-12 16:46:55.413  WARN 6412 --- [restartedMain] JpaBaseConfiguration$JpaWebConfiguration : spring.jpa.open-in-view is enabled by default. Therefore, database queries may be performed during view rendering. Explicitly configure spring.jpa.open-in-view to disable this warning
2021-04-12 16:46:55.608  INFO 6412 --- [restartedMain] o.s.s.web.DefaultSecurityFilterChain     : Creating filter chain: Ant [pattern='/images/**'], []
2021-04-12 16:46:55.609  INFO 6412 --- [restartedMain] o.s.s.web.DefaultSecurityFilterChain     : Creating filter chain: Ant [pattern='/js/**'], []
2021-04-12 16:46:55.609  INFO 6412 --- [restartedMain] o.s.s.web.DefaultSecurityFilterChain     : Creating filter chain: Ant [pattern='/webjars/**'], []
2021-04-12 16:46:55.786  INFO 6412 --- [restartedMain] o.s.s.web.DefaultSecurityFilterChain     : Creating filter chain: any request, [org.springframework.security.web.context.request.async.WebAsyncManagerIntegrationFilter@40b73e3e, org.springframework.security.web.context.SecurityContextPersistenceFilter@7fcbf258, org.springframework.security.web.header.HeaderWriterFilter@5af915c4, org.springframework.security.web.csrf.CsrfFilter@2acf74d0, org.springframework.security.web.authentication.logout.LogoutFilter@3508b20b, org.springframework.security.web.authentication.UsernamePasswordAuthenticationFilter@a9c11d0, org.springframework.security.web.savedrequest.RequestCacheAwareFilter@4bc874b2, org.springframework.security.web.servletapi.SecurityContextHolderAwareRequestFilter@2fdabe90, org.springframework.security.web.authentication.rememberme.RememberMeAuthenticationFilter@58e87371, org.springframework.security.web.authentication.AnonymousAuthenticationFilter@1572985, org.springframework.security.web.session.SessionManagementFilter@17145a1, org.springframework.security.web.access.ExceptionTranslationFilter@3e0354bc, org.springframework.security.web.access.intercept.FilterSecurityInterceptor@3c2c9ee4]
2021-04-12 16:46:55.949  INFO 6412 --- [restartedMain] o.s.s.concurrent.ThreadPoolTaskExecutor  : Initializing ExecutorService 'applicationTaskExecutor'
2021-04-12 16:46:56.028  INFO 6412 --- [restartedMain] o.s.b.a.w.s.WelcomePageHandlerMapping    : Adding welcome page template: index
2021-04-12 16:46:56.520  INFO 6412 --- [restartedMain] o.s.b.w.embedded.tomcat.TomcatWebServer  : Tomcat started on port(s): 8080 (http) with context path '/ShopmeAdmin'
2021-04-12 16:46:56.523  INFO 6412 --- [restartedMain] com.shopme.admin.ShopmeAdminApplication  : Started ShopmeAdminApplication in 6.22 seconds (JVM running for 6.888)
2021-04-12 16:47:15.784  INFO 6412 --- [http-nio-8080-exec-1] o.a.c.c.C.[.[localhost].[/ShopmeAdmin]   : Initializing Spring DispatcherServlet 'dispatcherServlet'
2021-04-12 16:47:15.785  INFO 6412 --- [http-nio-8080-exec-1] o.s.web.servlet.DispatcherServlet        : Initializing Servlet 'dispatcherServlet'
2021-04-12 16:47:15.791  INFO 6412 --- [http-nio-8080-exec-1] o.s.web.servlet.DispatcherServlet        : Completed initialization in 6 ms
2021-04-12 19:28:00.696  WARN 6412 --- [HikariPool-1 housekeeper] com.zaxxer.hikari.pool.HikariPool        : HikariPool-1 - Thread starvation or clock leap detected (housekeeper delta=2h24m37s782ms222µs700ns).
2021-04-12 21:43:57.238  WARN 6412 --- [HikariPool-1 housekeeper] com.zaxxer.hikari.pool.HikariPool        : HikariPool-1 - Thread starvation or clock leap detected (housekeeper delta=2h11m56s486ms475µs400ns).
