2021-04-05 15:01:37.441  INFO 4784 --- [restartedMain] com.shopme.admin.ShopmeAdminApplication  : Starting ShopmeAdminApplication on SQLSRV with PID 4784 (I:\Spring E-Commerce Course\ProjectCode\ShopmeBackend\target\classes started by Nam Millionaire in I:\Spring E-Commerce Course\ProjectCode\ShopmeBackend)
2021-04-05 15:01:37.446  INFO 4784 --- [restartedMain] com.shopme.admin.ShopmeAdminApplication  : No active profile set, falling back to default profiles: default
2021-04-05 15:01:37.547  INFO 4784 --- [restartedMain] o.s.b.devtools.restart.ChangeableUrls    : The Class-Path manifest attribute in C:\Users\Nam Millionaire\.m2\repository\org\glassfish\jaxb\jaxb-runtime\2.3.1\jaxb-runtime-2.3.1.jar referenced one or more files that do not exist: file:/C:/Users/Nam%20Millionaire/.m2/repository/org/glassfish/jaxb/jaxb-runtime/2.3.1/jaxb-api-2.3.1.jar,file:/C:/Users/Nam%20Millionaire/.m2/repository/org/glassfish/jaxb/jaxb-runtime/2.3.1/txw2-2.3.1.jar,file:/C:/Users/Nam%20Millionaire/.m2/repository/org/glassfish/jaxb/jaxb-runtime/2.3.1/istack-commons-runtime-3.0.7.jar,file:/C:/Users/Nam%20Millionaire/.m2/repository/org/glassfish/jaxb/jaxb-runtime/2.3.1/stax-ex-1.8.jar,file:/C:/Users/Nam%20Millionaire/.m2/repository/org/glassfish/jaxb/jaxb-runtime/2.3.1/FastInfoset-1.2.15.jar,file:/C:/Users/Nam%20Millionaire/.m2/repository/org/glassfish/jaxb/jaxb-runtime/2.3.1/javax.activation-api-1.2.0.jar
2021-04-05 15:01:37.549  INFO 4784 --- [restartedMain] o.s.b.devtools.restart.ChangeableUrls    : The Class-Path manifest attribute in C:\Users\Nam Millionaire\.m2\repository\org\glassfish\jaxb\jaxb-runtime\2.3.2\jaxb-runtime-2.3.2.jar referenced one or more files that do not exist: file:/C:/Users/Nam%20Millionaire/.m2/repository/org/glassfish/jaxb/jaxb-runtime/2.3.2/jakarta.xml.bind-api-2.3.2.jar,file:/C:/Users/Nam%20Millionaire/.m2/repository/org/glassfish/jaxb/jaxb-runtime/2.3.2/txw2-2.3.2.jar,file:/C:/Users/Nam%20Millionaire/.m2/repository/org/glassfish/jaxb/jaxb-runtime/2.3.2/istack-commons-runtime-3.0.8.jar,file:/C:/Users/Nam%20Millionaire/.m2/repository/org/glassfish/jaxb/jaxb-runtime/2.3.2/stax-ex-1.8.1.jar,file:/C:/Users/Nam%20Millionaire/.m2/repository/org/glassfish/jaxb/jaxb-runtime/2.3.2/FastInfoset-1.2.16.jar,file:/C:/Users/Nam%20Millionaire/.m2/repository/org/glassfish/jaxb/jaxb-runtime/2.3.2/jakarta.activation-api-1.2.1.jar
2021-04-05 15:01:37.550  INFO 4784 --- [restartedMain] .e.DevToolsPropertyDefaultsPostProcessor : Devtools property defaults active! Set 'spring.devtools.add-properties' to 'false' to disable
2021-04-05 15:01:37.550  INFO 4784 --- [restartedMain] .e.DevToolsPropertyDefaultsPostProcessor : For additional web related logging consider setting the 'logging.level.web' property to 'DEBUG'
2021-04-05 15:01:38.584  INFO 4784 --- [restartedMain] .s.d.r.c.RepositoryConfigurationDelegate : Bootstrapping Spring Data JPA repositories in DEFAULT mode.
2021-04-05 15:01:38.742  INFO 4784 --- [restartedMain] .s.d.r.c.RepositoryConfigurationDelegate : Finished Spring Data repository scanning in 146ms. Found 20 JPA repository interfaces.
2021-04-05 15:01:39.357  INFO 4784 --- [restartedMain] o.s.b.w.embedded.tomcat.TomcatWebServer  : Tomcat initialized with port(s): 8080 (http)
2021-04-05 15:01:39.367  INFO 4784 --- [restartedMain] o.apache.catalina.core.StandardService   : Starting service [Tomcat]
2021-04-05 15:01:39.367  INFO 4784 --- [restartedMain] org.apache.catalina.core.StandardEngine  : Starting Servlet engine: [Apache Tomcat/9.0.33]
2021-04-05 15:01:39.532  INFO 4784 --- [restartedMain] o.a.c.c.C.[.[localhost].[/ShopmeAdmin]   : Initializing Spring embedded WebApplicationContext
2021-04-05 15:01:39.532  INFO 4784 --- [restartedMain] o.s.web.context.ContextLoader            : Root WebApplicationContext: initialization completed in 1982 ms
2021-04-05 15:01:39.580  INFO 4784 --- [restartedMain] com.zaxxer.hikari.HikariDataSource       : HikariPool-1 - Starting...
2021-04-05 15:01:40.205  INFO 4784 --- [restartedMain] com.zaxxer.hikari.HikariDataSource       : HikariPool-1 - Start completed.
2021-04-05 15:01:40.209  INFO 4784 --- [restartedMain] o.s.b.a.h2.H2ConsoleAutoConfiguration    : H2 console available at '/h2-console'. Database available at 'jdbc:mysql://localhost:3306/shopmedb'
2021-04-05 15:01:40.306  WARN 4784 --- [restartedMain] o.a.c.c.C.[.[localhost].[/ShopmeAdmin]   : Cannot deserialize session attribute [SPRING_SECURITY_CONTEXT] for session [6E1A633BDDAC93326D917480A394EC32]
2021-04-05 15:01:40.538  INFO 4784 --- [restartedMain] o.hibernate.jpa.internal.util.LogHelper  : HHH000204: Processing PersistenceUnitInfo [name: default]
2021-04-05 15:01:40.641  INFO 4784 --- [restartedMain] org.hibernate.Version                    : HHH000412: Hibernate ORM core version 5.4.12.Final
2021-04-05 15:01:40.838  INFO 4784 --- [restartedMain] o.hibernate.annotations.common.Version   : HCANN000001: Hibernate Commons Annotations {5.1.0.Final}
2021-04-05 15:01:40.987  INFO 4784 --- [restartedMain] org.hibernate.dialect.Dialect            : HHH000400: Using dialect: org.hibernate.dialect.MySQL57InnoDBDialect
2021-04-05 15:01:42.701  INFO 4784 --- [restartedMain] o.h.e.t.j.p.i.JtaPlatformInitiator       : HHH000490: Using JtaPlatform implementation: [org.hibernate.engine.transaction.jta.platform.internal.NoJtaPlatform]
2021-04-05 15:01:42.707  INFO 4784 --- [restartedMain] j.LocalContainerEntityManagerFactoryBean : Initialized JPA EntityManagerFactory for persistence unit 'default'
2021-04-05 15:01:42.740  INFO 4784 --- [restartedMain] o.s.b.d.a.OptionalLiveReloadServer       : LiveReload server is running on port 35729
2021-04-05 15:01:43.661  WARN 4784 --- [restartedMain] JpaBaseConfiguration$JpaWebConfiguration : spring.jpa.open-in-view is enabled by default. Therefore, database queries may be performed during view rendering. Explicitly configure spring.jpa.open-in-view to disable this warning
2021-04-05 15:01:43.866  INFO 4784 --- [restartedMain] o.s.s.web.DefaultSecurityFilterChain     : Creating filter chain: Ant [pattern='/images/**'], []
2021-04-05 15:01:43.867  INFO 4784 --- [restartedMain] o.s.s.web.DefaultSecurityFilterChain     : Creating filter chain: Ant [pattern='/js/**'], []
2021-04-05 15:01:43.867  INFO 4784 --- [restartedMain] o.s.s.web.DefaultSecurityFilterChain     : Creating filter chain: Ant [pattern='/webjars/**'], []
2021-04-05 15:01:43.897  INFO 4784 --- [restartedMain] o.s.s.web.DefaultSecurityFilterChain     : Creating filter chain: any request, [org.springframework.security.web.context.request.async.WebAsyncManagerIntegrationFilter@6eded4d6, org.springframework.security.web.context.SecurityContextPersistenceFilter@469379ff, org.springframework.security.web.header.HeaderWriterFilter@688f1e9e, org.springframework.security.web.csrf.CsrfFilter@159cf745, org.springframework.security.web.authentication.logout.LogoutFilter@195146e1, org.springframework.security.web.authentication.UsernamePasswordAuthenticationFilter@2639caf4, org.springframework.security.web.savedrequest.RequestCacheAwareFilter@31174991, org.springframework.security.web.servletapi.SecurityContextHolderAwareRequestFilter@799503d8, org.springframework.security.web.authentication.rememberme.RememberMeAuthenticationFilter@585d08f4, org.springframework.security.web.authentication.AnonymousAuthenticationFilter@4a49f2dd, org.springframework.security.web.session.SessionManagementFilter@214343d8, org.springframework.security.web.access.ExceptionTranslationFilter@899ff13, org.springframework.security.web.access.intercept.FilterSecurityInterceptor@62e975cb]
2021-04-05 15:01:44.188  INFO 4784 --- [restartedMain] o.s.s.concurrent.ThreadPoolTaskExecutor  : Initializing ExecutorService 'applicationTaskExecutor'
2021-04-05 15:01:44.258  INFO 4784 --- [restartedMain] o.s.b.a.w.s.WelcomePageHandlerMapping    : Adding welcome page template: index
2021-04-05 15:01:44.784  INFO 4784 --- [restartedMain] o.s.b.w.embedded.tomcat.TomcatWebServer  : Tomcat started on port(s): 8080 (http) with context path '/ShopmeAdmin'
2021-04-05 15:01:44.786  INFO 4784 --- [restartedMain] com.shopme.admin.ShopmeAdminApplication  : Started ShopmeAdminApplication in 7.997 seconds (JVM running for 10.382)
2021-04-05 15:02:52.538  INFO 4784 --- [http-nio-8080-exec-1] o.a.c.c.C.[.[localhost].[/ShopmeAdmin]   : Initializing Spring DispatcherServlet 'dispatcherServlet'
2021-04-05 15:02:52.538  INFO 4784 --- [http-nio-8080-exec-1] o.s.web.servlet.DispatcherServlet        : Initializing Servlet 'dispatcherServlet'
2021-04-05 15:02:52.543  INFO 4784 --- [http-nio-8080-exec-1] o.s.web.servlet.DispatcherServlet        : Completed initialization in 5 ms
2021-04-05 15:06:33.147  INFO 4784 --- [RMI TCP Connection(14)-127.0.0.1] inMXBeanRegistrar$SpringApplicationAdmin : Application shutdown requested.
2021-04-05 15:06:33.149  INFO 4784 --- [RMI TCP Connection(14)-127.0.0.1] o.s.s.concurrent.ThreadPoolTaskExecutor  : Shutting down ExecutorService 'applicationTaskExecutor'
2021-04-05 15:06:33.153  INFO 4784 --- [RMI TCP Connection(14)-127.0.0.1] j.LocalContainerEntityManagerFactoryBean : Closing JPA EntityManagerFactory for persistence unit 'default'
2021-04-05 15:06:33.156  INFO 4784 --- [RMI TCP Connection(14)-127.0.0.1] com.zaxxer.hikari.HikariDataSource       : HikariPool-1 - Shutdown initiated...
2021-04-05 15:06:33.161  INFO 4784 --- [RMI TCP Connection(14)-127.0.0.1] com.zaxxer.hikari.HikariDataSource       : HikariPool-1 - Shutdown completed.
