18:21:22.222 [restartedMain] INFO  org.hibernate.dialect.Dialect                                                                        - HHH000400: Using dialect: org.hibernate.dialect.MySQL8Dialect
18:21:22.366 [restartedMain] INFO  org.hibernate.engine.transaction.jta.platform.internal.JtaPlatformInitiator                          - HHH000490: Using JtaPlatform implementation: [org.hibernate.engine.transaction.jta.platform.internal.NoJtaPlatform]
18:21:22.366 [restartedMain] INFO  org.springframework.orm.jpa.LocalContainerEntityManagerFactoryBean                                   - Initialized JPA EntityManagerFactory for persistence unit 'default'
18:21:22.399 [restartedMain] WARN  org.springframework.boot.autoconfigure.orm.jpa.JpaBaseConfiguration$JpaWebConfiguration              - spring.jpa.open-in-view is enabled by default. Therefore, database queries may be performed during view rendering. Explicitly configure spring.jpa.open-in-view to disable this warning
18:21:22.579 [restartedMain] INFO  org.springframework.security.web.DefaultSecurityFilterChain                                          - Creating filter chain: any request, [org.springframework.security.web.context.request.async.WebAsyncManagerIntegrationFilter@cab3b27, org.springframework.security.web.context.SecurityContextPersistenceFilter@30679138, org.springframework.security.web.header.HeaderWriterFilter@1fb9d959, org.springframework.security.web.csrf.CsrfFilter@28c68e73, org.springframework.security.web.authentication.logout.LogoutFilter@31baeebc, org.springframework.security.web.authentication.UsernamePasswordAuthenticationFilter@2a15e8fb, org.springframework.security.web.savedrequest.RequestCacheAwareFilter@31d75951, org.springframework.security.web.servletapi.SecurityContextHolderAwareRequestFilter@60753d23, org.springframework.security.web.authentication.AnonymousAuthenticationFilter@67b11ca4, org.springframework.security.web.session.SessionManagementFilter@2c4e37d4, org.springframework.security.web.access.ExceptionTranslationFilter@6ccdbf8a, org.springframework.security.web.access.intercept.FilterSecurityInterceptor@1db1bb00]
18:21:22.638 [restartedMain] INFO  org.springframework.scheduling.concurrent.ThreadPoolTaskExecutor                                     - Initializing ExecutorService 'applicationTaskExecutor'
18:21:22.657 [restartedMain] INFO  org.springframework.boot.autoconfigure.web.servlet.WelcomePageHandlerMapping                         - Adding welcome page template: index
18:21:22.728 [restartedMain] INFO  org.springframework.boot.devtools.autoconfigure.OptionalLiveReloadServer                             - LiveReload server is running on port 35729
18:21:22.755 [restartedMain] INFO  org.apache.coyote.http11.Http11NioProtocol                                                           - Starting ProtocolHandler ["http-nio-8080"]
18:21:22.766 [restartedMain] INFO  org.springframework.boot.web.embedded.tomcat.TomcatWebServer                                         - Tomcat started on port(s): 8080 (http) with context path '/ShopmeAdmin'
18:21:22.768 [restartedMain] INFO  com.shopme.ShopmeAdminApplication                                                                    - Started ShopmeAdminApplication in 1.178 seconds (JVM running for 1823.505)
18:21:22.773 [restartedMain] INFO  org.springframework.boot.devtools.autoconfigure.ConditionEvaluationDeltaLoggingListener              - Condition evaluation unchanged
18:21:23.007 [http-nio-8080-exec-7] INFO  org.apache.catalina.core.ContainerBase.[Tomcat].[localhost].[/ShopmeAdmin]                           - Initializing Spring DispatcherServlet 'dispatcherServlet'
18:21:23.010 [http-nio-8080-exec-7] INFO  org.springframework.web.servlet.DispatcherServlet                                                    - Initializing Servlet 'dispatcherServlet'
18:21:23.025 [http-nio-8080-exec-7] INFO  org.springframework.web.servlet.DispatcherServlet                                                    - Completed initialization in 14 ms
18:23:30.362 [Thread-35] INFO  org.springframework.scheduling.concurrent.ThreadPoolTaskExecutor                                     - Shutting down ExecutorService 'applicationTaskExecutor'
18:23:30.364 [Thread-35] INFO  org.springframework.orm.jpa.LocalContainerEntityManagerFactoryBean                                   - Closing JPA EntityManagerFactory for persistence unit 'default'
18:23:30.366 [Thread-35] INFO  com.zaxxer.hikari.HikariDataSource                                                                   - HikariPool-4 - Shutdown initiated...
18:23:30.388 [Thread-35] INFO  com.zaxxer.hikari.HikariDataSource                                                                   - HikariPool-4 - Shutdown completed.
18:23:30.752 [restartedMain] INFO  com.shopme.ShopmeAdminApplication                                                                    - Starting ShopmeAdminApplication on sqlsrv with PID 12636 (I:\Spring E-Commerce Course\ProjectCode\ShopmeBackend\target\classes started by Nam Millionaire in I:\Spring E-Commerce Course\ProjectCode\ShopmeBackend)
18:23:30.753 [restartedMain] DEBUG com.shopme.ShopmeAdminApplication                                                                    - Running with Spring Boot v2.2.6.RELEASE, Spring v5.2.5.RELEASE
18:23:30.753 [restartedMain] INFO  com.shopme.ShopmeAdminApplication                                                                    - No active profile set, falling back to default profiles: default
18:23:30.998 [restartedMain] INFO  org.springframework.data.repository.config.RepositoryConfigurationDelegate                           - Bootstrapping Spring Data JPA repositories in DEFAULT mode.
18:23:31.023 [restartedMain] INFO  org.springframework.data.repository.config.RepositoryConfigurationDelegate                           - Finished Spring Data repository scanning in 24ms. Found 5 JPA repository interfaces.
18:23:31.206 [restartedMain] INFO  org.springframework.boot.web.embedded.tomcat.TomcatWebServer                                         - Tomcat initialized with port(s): 8080 (http)
18:23:31.207 [restartedMain] INFO  org.apache.coyote.http11.Http11NioProtocol                                                           - Initializing ProtocolHandler ["http-nio-8080"]
18:23:31.207 [restartedMain] INFO  org.apache.catalina.core.StandardService                                                             - Starting service [Tomcat]
18:23:31.207 [restartedMain] INFO  org.apache.catalina.core.StandardEngine                                                              - Starting Servlet engine: [Apache Tomcat/9.0.33]
18:23:31.227 [restartedMain] INFO  org.apache.catalina.core.ContainerBase.[Tomcat].[localhost].[/ShopmeAdmin]                           - Initializing Spring embedded WebApplicationContext
18:23:31.227 [restartedMain] INFO  org.springframework.web.context.ContextLoader                                                        - Root WebApplicationContext: initialization completed in 470 ms
18:23:31.244 [restartedMain] INFO  com.zaxxer.hikari.HikariDataSource                                                                   - HikariPool-5 - Starting...
18:23:31.255 [restartedMain] INFO  com.zaxxer.hikari.HikariDataSource                                                                   - HikariPool-5 - Start completed.
18:23:31.255 [restartedMain] INFO  org.springframework.boot.autoconfigure.h2.H2ConsoleAutoConfiguration                                 - H2 console available at '/h2-console'. Database available at 'jdbc:mysql://localhost:3306/shopmedb'
18:23:31.296 [restartedMain] INFO  org.hibernate.jpa.internal.util.LogHelper                                                            - HHH000204: Processing PersistenceUnitInfo [name: default]
18:23:31.305 [restartedMain] INFO  org.hibernate.dialect.Dialect                                                                        - HHH000400: Using dialect: org.hibernate.dialect.MySQL8Dialect
18:23:31.416 [restartedMain] INFO  org.hibernate.engine.transaction.jta.platform.internal.JtaPlatformInitiator                          - HHH000490: Using JtaPlatform implementation: [org.hibernate.engine.transaction.jta.platform.internal.NoJtaPlatform]
18:23:31.416 [restartedMain] INFO  org.springframework.orm.jpa.LocalContainerEntityManagerFactoryBean                                   - Initialized JPA EntityManagerFactory for persistence unit 'default'
18:23:31.449 [restartedMain] WARN  org.springframework.boot.autoconfigure.orm.jpa.JpaBaseConfiguration$JpaWebConfiguration              - spring.jpa.open-in-view is enabled by default. Therefore, database queries may be performed during view rendering. Explicitly configure spring.jpa.open-in-view to disable this warning
18:23:31.610 [restartedMain] INFO  org.springframework.security.web.DefaultSecurityFilterChain                                          - Creating filter chain: any request, [org.springframework.security.web.context.request.async.WebAsyncManagerIntegrationFilter@2e9ce720, org.springframework.security.web.context.SecurityContextPersistenceFilter@6cfb0f5b, org.springframework.security.web.header.HeaderWriterFilter@179928c, org.springframework.security.web.csrf.CsrfFilter@6189f97d, org.springframework.security.web.authentication.logout.LogoutFilter@698fa6ee, org.springframework.security.web.authentication.UsernamePasswordAuthenticationFilter@9d6a34b, org.springframework.security.web.savedrequest.RequestCacheAwareFilter@68d6a506, org.springframework.security.web.servletapi.SecurityContextHolderAwareRequestFilter@2576a762, org.springframework.security.web.authentication.AnonymousAuthenticationFilter@118944a6, org.springframework.security.web.session.SessionManagementFilter@42975465, org.springframework.security.web.access.ExceptionTranslationFilter@7fdf6ecc, org.springframework.security.web.access.intercept.FilterSecurityInterceptor@325c8f32]
18:23:31.660 [restartedMain] INFO  org.springframework.scheduling.concurrent.ThreadPoolTaskExecutor                                     - Initializing ExecutorService 'applicationTaskExecutor'
18:23:31.678 [restartedMain] INFO  org.springframework.boot.autoconfigure.web.servlet.WelcomePageHandlerMapping                         - Adding welcome page template: index
18:23:31.743 [restartedMain] INFO  org.springframework.boot.devtools.autoconfigure.OptionalLiveReloadServer                             - LiveReload server is running on port 35729
18:23:31.763 [restartedMain] INFO  org.apache.coyote.http11.Http11NioProtocol                                                           - Starting ProtocolHandler ["http-nio-8080"]
18:23:31.777 [restartedMain] INFO  org.springframework.boot.web.embedded.tomcat.TomcatWebServer                                         - Tomcat started on port(s): 8080 (http) with context path '/ShopmeAdmin'
18:23:31.780 [restartedMain] INFO  com.shopme.ShopmeAdminApplication                                                                    - Started ShopmeAdminApplication in 1.068 seconds (JVM running for 1952.517)
18:23:31.784 [restartedMain] INFO  org.springframework.boot.devtools.autoconfigure.ConditionEvaluationDeltaLoggingListener              - Condition evaluation unchanged
18:23:32.019 [http-nio-8080-exec-3] INFO  org.apache.catalina.core.ContainerBase.[Tomcat].[localhost].[/ShopmeAdmin]                           - Initializing Spring DispatcherServlet 'dispatcherServlet'
18:23:32.022 [http-nio-8080-exec-3] INFO  org.springframework.web.servlet.DispatcherServlet                                                    - Initializing Servlet 'dispatcherServlet'
18:23:32.032 [http-nio-8080-exec-3] INFO  org.springframework.web.servlet.DispatcherServlet                                                    - Completed initialization in 9 ms
