18:12:56.556 [http-nio-8080-exec-8] INFO  com.shopme.ShopmeErrorController                                                                     - Handling error...
18:12:56.558 [http-nio-8080-exec-8] ERROR com.shopme.ShopmeErrorController                                                                     - Error 404
18:13:45.619 [http-nio-8080-exec-7] INFO  com.shopme.ShopmeErrorController                                                                     - Handling error...
18:13:45.619 [http-nio-8080-exec-7] ERROR com.shopme.ShopmeErrorController                                                                     - Error 404
18:13:51.937 [http-nio-8080-exec-10] INFO  com.shopme.ShopmeErrorController                                                                     - Handling error...
18:13:51.938 [http-nio-8080-exec-10] ERROR com.shopme.ShopmeErrorController                                                                     - Error 404
18:13:53.974 [http-nio-8080-exec-9] INFO  com.shopme.ShopmeErrorController                                                                     - Handling error...
18:13:53.974 [http-nio-8080-exec-9] ERROR com.shopme.ShopmeErrorController                                                                     - Error 404
18:19:42.636 [Thread-17] INFO  org.springframework.scheduling.concurrent.ThreadPoolTaskExecutor                                     - Shutting down ExecutorService 'applicationTaskExecutor'
18:19:42.639 [Thread-17] INFO  org.springframework.orm.jpa.LocalContainerEntityManagerFactoryBean                                   - Closing JPA EntityManagerFactory for persistence unit 'default'
18:19:42.640 [Thread-17] INFO  com.zaxxer.hikari.HikariDataSource                                                                   - HikariPool-2 - Shutdown initiated...
18:19:42.655 [Thread-17] INFO  com.zaxxer.hikari.HikariDataSource                                                                   - HikariPool-2 - Shutdown completed.
18:19:43.085 [restartedMain] INFO  com.shopme.ShopmeAdminApplication                                                                    - Starting ShopmeAdminApplication on sqlsrv with PID 12636 (I:\Spring E-Commerce Course\ProjectCode\ShopmeBackend\target\classes started by Nam Millionaire in I:\Spring E-Commerce Course\ProjectCode\ShopmeBackend)
18:19:43.086 [restartedMain] DEBUG com.shopme.ShopmeAdminApplication                                                                    - Running with Spring Boot v2.2.6.RELEASE, Spring v5.2.5.RELEASE
18:19:43.086 [restartedMain] INFO  com.shopme.ShopmeAdminApplication                                                                    - No active profile set, falling back to default profiles: default
18:19:43.363 [restartedMain] INFO  org.springframework.data.repository.config.RepositoryConfigurationDelegate                           - Bootstrapping Spring Data JPA repositories in DEFAULT mode.
18:19:43.395 [restartedMain] INFO  org.springframework.data.repository.config.RepositoryConfigurationDelegate                           - Finished Spring Data repository scanning in 30ms. Found 5 JPA repository interfaces.
18:19:43.616 [restartedMain] INFO  org.springframework.boot.web.embedded.tomcat.TomcatWebServer                                         - Tomcat initialized with port(s): 8080 (http)
18:19:43.617 [restartedMain] INFO  org.apache.coyote.http11.Http11NioProtocol                                                           - Initializing ProtocolHandler ["http-nio-8080"]
18:19:43.617 [restartedMain] INFO  org.apache.catalina.core.StandardService                                                             - Starting service [Tomcat]
18:19:43.617 [restartedMain] INFO  org.apache.catalina.core.StandardEngine                                                              - Starting Servlet engine: [Apache Tomcat/9.0.33]
18:19:43.639 [restartedMain] INFO  org.apache.catalina.core.ContainerBase.[Tomcat].[localhost].[/ShopmeAdmin]                           - Initializing Spring embedded WebApplicationContext
18:19:43.639 [restartedMain] INFO  org.springframework.web.context.ContextLoader                                                        - Root WebApplicationContext: initialization completed in 549 ms
18:19:43.660 [restartedMain] INFO  com.zaxxer.hikari.HikariDataSource                                                                   - HikariPool-3 - Starting...
18:19:43.673 [restartedMain] INFO  com.zaxxer.hikari.HikariDataSource                                                                   - HikariPool-3 - Start completed.
18:19:43.673 [restartedMain] INFO  org.springframework.boot.autoconfigure.h2.H2ConsoleAutoConfiguration                                 - H2 console available at '/h2-console'. Database available at 'jdbc:mysql://localhost:3306/shopmedb'
18:19:43.701 [restartedMain] WARN  org.apache.catalina.core.ContainerBase.[Tomcat].[localhost].[/ShopmeAdmin]                           - Cannot deserialize session attribute [SPRING_SECURITY_CONTEXT] for session [DB2D0747E623BE8C098B416EB4A60AA5]
18:19:43.723 [restartedMain] INFO  org.hibernate.jpa.internal.util.LogHelper                                                            - HHH000204: Processing PersistenceUnitInfo [name: default]
18:19:43.730 [restartedMain] INFO  org.hibernate.dialect.Dialect                                                                        - HHH000400: Using dialect: org.hibernate.dialect.MySQL8Dialect
18:19:43.883 [restartedMain] INFO  org.hibernate.engine.transaction.jta.platform.internal.JtaPlatformInitiator                          - HHH000490: Using JtaPlatform implementation: [org.hibernate.engine.transaction.jta.platform.internal.NoJtaPlatform]
18:19:43.883 [restartedMain] INFO  org.springframework.orm.jpa.LocalContainerEntityManagerFactoryBean                                   - Initialized JPA EntityManagerFactory for persistence unit 'default'
18:19:43.910 [restartedMain] WARN  org.springframework.boot.autoconfigure.orm.jpa.JpaBaseConfiguration$JpaWebConfiguration              - spring.jpa.open-in-view is enabled by default. Therefore, database queries may be performed during view rendering. Explicitly configure spring.jpa.open-in-view to disable this warning
18:19:44.077 [restartedMain] INFO  org.springframework.security.web.DefaultSecurityFilterChain                                          - Creating filter chain: any request, [org.springframework.security.web.context.request.async.WebAsyncManagerIntegrationFilter@793a7f24, org.springframework.security.web.context.SecurityContextPersistenceFilter@285cfe24, org.springframework.security.web.header.HeaderWriterFilter@6a08b7f1, org.springframework.security.web.csrf.CsrfFilter@11a8b54, org.springframework.security.web.authentication.logout.LogoutFilter@31a88ae4, org.springframework.security.web.authentication.UsernamePasswordAuthenticationFilter@50482c73, org.springframework.security.web.savedrequest.RequestCacheAwareFilter@607def12, org.springframework.security.web.servletapi.SecurityContextHolderAwareRequestFilter@4f656bd3, org.springframework.security.web.authentication.AnonymousAuthenticationFilter@4f914bfa, org.springframework.security.web.session.SessionManagementFilter@7d499af2, org.springframework.security.web.access.ExceptionTranslationFilter@53837d40, org.springframework.security.web.access.intercept.FilterSecurityInterceptor@5ca7382a]
18:19:44.140 [restartedMain] INFO  org.springframework.scheduling.concurrent.ThreadPoolTaskExecutor                                     - Initializing ExecutorService 'applicationTaskExecutor'
18:19:44.160 [restartedMain] INFO  org.springframework.boot.autoconfigure.web.servlet.WelcomePageHandlerMapping                         - Adding welcome page template: index
18:19:44.229 [restartedMain] INFO  org.springframework.boot.devtools.autoconfigure.OptionalLiveReloadServer                             - LiveReload server is running on port 35729
18:19:44.250 [restartedMain] INFO  org.apache.coyote.http11.Http11NioProtocol                                                           - Starting ProtocolHandler ["http-nio-8080"]
18:19:44.266 [restartedMain] INFO  org.springframework.boot.web.embedded.tomcat.TomcatWebServer                                         - Tomcat started on port(s): 8080 (http) with context path '/ShopmeAdmin'
18:19:44.271 [restartedMain] INFO  com.shopme.ShopmeAdminApplication                                                                    - Started ShopmeAdminApplication in 1.239 seconds (JVM running for 1725.008)
18:19:44.276 [restartedMain] INFO  org.springframework.boot.devtools.autoconfigure.ConditionEvaluationDeltaLoggingListener              - Condition evaluation unchanged
18:19:44.502 [http-nio-8080-exec-8] INFO  org.apache.catalina.core.ContainerBase.[Tomcat].[localhost].[/ShopmeAdmin]                           - Initializing Spring DispatcherServlet 'dispatcherServlet'
18:19:44.503 [http-nio-8080-exec-8] INFO  org.springframework.web.servlet.DispatcherServlet                                                    - Initializing Servlet 'dispatcherServlet'
18:19:44.507 [http-nio-8080-exec-8] INFO  org.springframework.web.servlet.DispatcherServlet                                                    - Completed initialization in 4 ms
18:21:21.124 [Thread-27] INFO  org.springframework.scheduling.concurrent.ThreadPoolTaskExecutor                                     - Shutting down ExecutorService 'applicationTaskExecutor'
18:21:21.127 [Thread-27] INFO  org.springframework.orm.jpa.LocalContainerEntityManagerFactoryBean                                   - Closing JPA EntityManagerFactory for persistence unit 'default'
18:21:21.131 [Thread-27] INFO  com.zaxxer.hikari.HikariDataSource                                                                   - HikariPool-3 - Shutdown initiated...
18:21:21.161 [Thread-27] INFO  com.zaxxer.hikari.HikariDataSource                                                                   - HikariPool-3 - Shutdown completed.
18:21:21.636 [restartedMain] INFO  com.shopme.ShopmeAdminApplication                                                                    - Starting ShopmeAdminApplication on sqlsrv with PID 12636 (I:\Spring E-Commerce Course\ProjectCode\ShopmeBackend\target\classes started by Nam Millionaire in I:\Spring E-Commerce Course\ProjectCode\ShopmeBackend)
18:21:21.636 [restartedMain] DEBUG com.shopme.ShopmeAdminApplication                                                                    - Running with Spring Boot v2.2.6.RELEASE, Spring v5.2.5.RELEASE
18:21:21.636 [restartedMain] INFO  com.shopme.ShopmeAdminApplication                                                                    - No active profile set, falling back to default profiles: default
18:21:21.898 [restartedMain] INFO  org.springframework.data.repository.config.RepositoryConfigurationDelegate                           - Bootstrapping Spring Data JPA repositories in DEFAULT mode.
18:21:21.925 [restartedMain] INFO  org.springframework.data.repository.config.RepositoryConfigurationDelegate                           - Finished Spring Data repository scanning in 27ms. Found 5 JPA repository interfaces.
18:21:22.122 [restartedMain] INFO  org.springframework.boot.web.embedded.tomcat.TomcatWebServer                                         - Tomcat initialized with port(s): 8080 (http)
18:21:22.123 [restartedMain] INFO  org.apache.coyote.http11.Http11NioProtocol                                                           - Initializing ProtocolHandler ["http-nio-8080"]
18:21:22.123 [restartedMain] INFO  org.apache.catalina.core.StandardService                                                             - Starting service [Tomcat]
18:21:22.123 [restartedMain] INFO  org.apache.catalina.core.StandardEngine                                                              - Starting Servlet engine: [Apache Tomcat/9.0.33]
18:21:22.144 [restartedMain] INFO  org.apache.catalina.core.ContainerBase.[Tomcat].[localhost].[/ShopmeAdmin]                           - Initializing Spring embedded WebApplicationContext
18:21:22.144 [restartedMain] INFO  org.springframework.web.context.ContextLoader                                                        - Root WebApplicationContext: initialization completed in 505 ms
18:21:22.161 [restartedMain] INFO  com.zaxxer.hikari.HikariDataSource                                                                   - HikariPool-4 - Starting...
18:21:22.173 [restartedMain] INFO  com.zaxxer.hikari.HikariDataSource                                                                   - HikariPool-4 - Start completed.
18:21:22.173 [restartedMain] INFO  org.springframework.boot.autoconfigure.h2.H2ConsoleAutoConfiguration                                 - H2 console available at '/h2-console'. Database available at 'jdbc:mysql://localhost:3306/shopmedb'
18:21:22.214 [restartedMain] INFO  org.hibernate.jpa.internal.util.LogHelper                                                            - HHH000204: Processing PersistenceUnitInfo [name: default]
