17:56:20.886 [http-nio-8080-exec-9] ERROR com.shopme.ShopmeErrorController                                                                     - Error 500
17:56:56.536 [http-nio-8080-exec-7] INFO  com.shopme.ShopmeErrorController                                                                     - Handling error...
17:56:56.537 [http-nio-8080-exec-7] ERROR com.shopme.ShopmeErrorController                                                                     - Error 404
18:03:13.050 [Thread-8] INFO  org.springframework.scheduling.concurrent.ThreadPoolTaskExecutor                                     - Shutting down ExecutorService 'applicationTaskExecutor'
18:03:13.054 [Thread-8] INFO  org.springframework.orm.jpa.LocalContainerEntityManagerFactoryBean                                   - Closing JPA EntityManagerFactory for persistence unit 'default'
18:03:13.063 [Thread-8] INFO  com.zaxxer.hikari.HikariDataSource                                                                   - HikariPool-1 - Shutdown initiated...
18:03:13.071 [Thread-8] INFO  com.zaxxer.hikari.HikariDataSource                                                                   - HikariPool-1 - Shutdown completed.
18:03:13.506 [restartedMain] INFO  com.shopme.ShopmeAdminApplication                                                                    - Starting ShopmeAdminApplication on sqlsrv with PID 12636 (I:\Spring E-Commerce Course\ProjectCode\ShopmeBackend\target\classes started by Nam Millionaire in I:\Spring E-Commerce Course\ProjectCode\ShopmeBackend)
18:03:13.507 [restartedMain] DEBUG com.shopme.ShopmeAdminApplication                                                                    - Running with Spring Boot v2.2.6.RELEASE, Spring v5.2.5.RELEASE
18:03:13.507 [restartedMain] INFO  com.shopme.ShopmeAdminApplication                                                                    - No active profile set, falling back to default profiles: default
18:03:13.986 [restartedMain] INFO  org.springframework.data.repository.config.RepositoryConfigurationDelegate                           - Bootstrapping Spring Data JPA repositories in DEFAULT mode.
18:03:14.013 [restartedMain] INFO  org.springframework.data.repository.config.RepositoryConfigurationDelegate                           - Finished Spring Data repository scanning in 26ms. Found 5 JPA repository interfaces.
18:03:14.230 [restartedMain] INFO  org.springframework.boot.web.embedded.tomcat.TomcatWebServer                                         - Tomcat initialized with port(s): 8080 (http)
18:03:14.231 [restartedMain] INFO  org.apache.coyote.http11.Http11NioProtocol                                                           - Initializing ProtocolHandler ["http-nio-8080"]
18:03:14.231 [restartedMain] INFO  org.apache.catalina.core.StandardService                                                             - Starting service [Tomcat]
18:03:14.231 [restartedMain] INFO  org.apache.catalina.core.StandardEngine                                                              - Starting Servlet engine: [Apache Tomcat/9.0.33]
18:03:14.268 [restartedMain] INFO  org.apache.catalina.core.ContainerBase.[Tomcat].[localhost].[/ShopmeAdmin]                           - Initializing Spring embedded WebApplicationContext
18:03:14.269 [restartedMain] INFO  org.springframework.web.context.ContextLoader                                                        - Root WebApplicationContext: initialization completed in 759 ms
18:03:14.288 [restartedMain] INFO  com.zaxxer.hikari.HikariDataSource                                                                   - HikariPool-2 - Starting...
18:03:14.301 [restartedMain] INFO  com.zaxxer.hikari.HikariDataSource                                                                   - HikariPool-2 - Start completed.
18:03:14.301 [restartedMain] INFO  org.springframework.boot.autoconfigure.h2.H2ConsoleAutoConfiguration                                 - H2 console available at '/h2-console'. Database available at 'jdbc:mysql://localhost:3306/shopmedb'
18:03:14.326 [restartedMain] WARN  org.apache.catalina.core.ContainerBase.[Tomcat].[localhost].[/ShopmeAdmin]                           - Cannot deserialize session attribute [SPRING_SECURITY_CONTEXT] for session [727D5C8981A3D5CD5555DD0FFE04CA1C]
18:03:14.350 [restartedMain] INFO  org.hibernate.jpa.internal.util.LogHelper                                                            - HHH000204: Processing PersistenceUnitInfo [name: default]
18:03:14.356 [restartedMain] INFO  org.hibernate.dialect.Dialect                                                                        - HHH000400: Using dialect: org.hibernate.dialect.MySQL8Dialect
18:03:14.519 [restartedMain] INFO  org.hibernate.engine.transaction.jta.platform.internal.JtaPlatformInitiator                          - HHH000490: Using JtaPlatform implementation: [org.hibernate.engine.transaction.jta.platform.internal.NoJtaPlatform]
18:03:14.520 [restartedMain] INFO  org.springframework.orm.jpa.LocalContainerEntityManagerFactoryBean                                   - Initialized JPA EntityManagerFactory for persistence unit 'default'
18:03:14.550 [restartedMain] WARN  org.springframework.boot.autoconfigure.orm.jpa.JpaBaseConfiguration$JpaWebConfiguration              - spring.jpa.open-in-view is enabled by default. Therefore, database queries may be performed during view rendering. Explicitly configure spring.jpa.open-in-view to disable this warning
18:03:14.735 [restartedMain] INFO  org.springframework.security.web.DefaultSecurityFilterChain                                          - Creating filter chain: any request, [org.springframework.security.web.context.request.async.WebAsyncManagerIntegrationFilter@4fb6a441, org.springframework.security.web.context.SecurityContextPersistenceFilter@1fb2491f, org.springframework.security.web.header.HeaderWriterFilter@6a577962, org.springframework.security.web.csrf.CsrfFilter@720ddfd7, org.springframework.security.web.authentication.logout.LogoutFilter@4a953d37, org.springframework.security.web.authentication.UsernamePasswordAuthenticationFilter@6e33d0e2, org.springframework.security.web.savedrequest.RequestCacheAwareFilter@7b714f7e, org.springframework.security.web.servletapi.SecurityContextHolderAwareRequestFilter@2a3ca51b, org.springframework.security.web.authentication.AnonymousAuthenticationFilter@6147d9eb, org.springframework.security.web.session.SessionManagementFilter@35dcdc4, org.springframework.security.web.access.ExceptionTranslationFilter@50769a25, org.springframework.security.web.access.intercept.FilterSecurityInterceptor@68eff193]
18:03:14.790 [restartedMain] INFO  org.springframework.scheduling.concurrent.ThreadPoolTaskExecutor                                     - Initializing ExecutorService 'applicationTaskExecutor'
18:03:14.810 [restartedMain] INFO  org.springframework.boot.autoconfigure.web.servlet.WelcomePageHandlerMapping                         - Adding welcome page template: index
18:03:14.884 [restartedMain] INFO  org.springframework.boot.devtools.autoconfigure.OptionalLiveReloadServer                             - LiveReload server is running on port 35729
18:03:14.910 [restartedMain] INFO  org.apache.coyote.http11.Http11NioProtocol                                                           - Starting ProtocolHandler ["http-nio-8080"]
18:03:14.924 [restartedMain] INFO  org.springframework.boot.web.embedded.tomcat.TomcatWebServer                                         - Tomcat started on port(s): 8080 (http) with context path '/ShopmeAdmin'
18:03:14.925 [restartedMain] INFO  com.shopme.ShopmeAdminApplication                                                                    - Started ShopmeAdminApplication in 1.471 seconds (JVM running for 735.662)
18:03:14.934 [restartedMain] INFO  org.springframework.boot.devtools.autoconfigure.ConditionEvaluationDeltaLoggingListener              - Condition evaluation unchanged
18:03:15.164 [http-nio-8080-exec-7] INFO  org.apache.catalina.core.ContainerBase.[Tomcat].[localhost].[/ShopmeAdmin]                           - Initializing Spring DispatcherServlet 'dispatcherServlet'
18:03:15.167 [http-nio-8080-exec-7] INFO  org.springframework.web.servlet.DispatcherServlet                                                    - Initializing Servlet 'dispatcherServlet'
18:03:15.180 [http-nio-8080-exec-7] INFO  org.springframework.web.servlet.DispatcherServlet                                                    - Completed initialization in 12 ms
18:03:34.116 [http-nio-8080-exec-8] DEBUG com.shopme.ShopmeUserDetailsService                                                                  - Authentication user email: namhm@codejava.net
18:03:34.135 [http-nio-8080-exec-8] INFO  com.shopme.ShopmeUserDetailsService                                                                  - User authenticated successfully. Well done@
18:03:34.509 [http-nio-8080-exec-3] INFO  com.shopme.ShopmeErrorController                                                                     - Handling error...
18:03:34.510 [http-nio-8080-exec-3] ERROR com.shopme.ShopmeErrorController                                                                     - Error 404
18:06:16.072 [http-nio-8080-exec-6] INFO  com.shopme.ShopmeErrorController                                                                     - Handling error...
18:06:16.072 [http-nio-8080-exec-6] ERROR com.shopme.ShopmeErrorController                                                                     - Error 404
18:08:49.731 [http-nio-8080-exec-1] INFO  com.shopme.ShopmeErrorController                                                                     - Handling error...
18:08:49.732 [http-nio-8080-exec-1] ERROR com.shopme.ShopmeErrorController                                                                     - Error 404
18:09:15.213 [http-nio-8080-exec-4] INFO  com.shopme.ShopmeErrorController                                                                     - Handling error...
18:09:15.213 [http-nio-8080-exec-4] ERROR com.shopme.ShopmeErrorController                                                                     - Error 404
18:09:16.916 [http-nio-8080-exec-2] INFO  com.shopme.ShopmeErrorController                                                                     - Handling error...
18:09:16.917 [http-nio-8080-exec-2] ERROR com.shopme.ShopmeErrorController                                                                     - Error 404
